<?xml version="1.0" encoding="UTF-8"?>
<!-- Generated by org.testng.reporters.JUnitXMLReporter -->
<testsuite ignored="0" hostname="LAPTOP-6GF81DM0" failures="0" tests="3" name="Default test" time="3.285" errors="0" timestamp="2025-08-29T22:42:20 IST">
  <testcase classname="com.sample.PassDatatoPayload" name="addBook" time="2.911"/>
  <testcase classname="com.sample.PassDatatoPayload" name="addBook" time="0.151"/>
  <testcase classname="com.sample.PassDatatoPayload" name="addBook" time="0.135"/>
</testsuite> <!-- Default test -->
