<?xml version="1.0" encoding="UTF-8"?>
<testng-results ignored="0" total="3" passed="3" failed="0" skipped="0">
  <reporter-output>
  </reporter-output>
  <suite started-at="2025-08-29T22:42:17 IST" name="Default suite" finished-at="2025-08-29T22:42:20 IST" duration-ms="3285">
    <groups>
    </groups>
    <test started-at="2025-08-29T22:42:17 IST" name="Default test" finished-at="2025-08-29T22:42:20 IST" duration-ms="3285">
      <class name="com.sample.PassDatatoPayload">
        <test-method signature="addBook(java.lang.String,java.lang.String)[pri:0, instance:com.sample.PassDatatoPayload@12468a38]" started-at="2025-08-29T22:42:17 IST" name="addBook" data-provider="BookData" finished-at="2025-08-29T22:42:20 IST" duration-ms="2911" status="PASS">
          <params>
            <param index="0">
              <value>
                <![CDATA[cccc]]>
              </value>
            </param>
            <param index="1">
              <value>
                <![CDATA[1111]]>
              </value>
            </param>
          </params>
          <reporter-output>
          </reporter-output>
        </test-method> <!-- addBook -->
        <test-method signature="addBook(java.lang.String,java.lang.String)[pri:0, instance:com.sample.PassDatatoPayload@12468a38]" started-at="2025-08-29T22:42:20 IST" name="addBook" data-provider="BookData" finished-at="2025-08-29T22:42:20 IST" duration-ms="151" status="PASS">
          <params>
            <param index="0">
              <value>
                <![CDATA[aaaa]]>
              </value>
            </param>
            <param index="1">
              <value>
                <![CDATA[2222]]>
              </value>
            </param>
          </params>
          <reporter-output>
          </reporter-output>
        </test-method> <!-- addBook -->
        <test-method signature="addBook(java.lang.String,java.lang.String)[pri:0, instance:com.sample.PassDatatoPayload@12468a38]" started-at="2025-08-29T22:42:20 IST" name="addBook" data-provider="BookData" finished-at="2025-08-29T22:42:20 IST" duration-ms="135" status="PASS">
          <params>
            <param index="0">
              <value>
                <![CDATA[bbbb]]>
              </value>
            </param>
            <param index="1">
              <value>
                <![CDATA[5555]]>
              </value>
            </param>
          </params>
          <reporter-output>
          </reporter-output>
        </test-method> <!-- addBook -->
      </class> <!-- com.sample.PassDatatoPayload -->
    </test> <!-- Default test -->
  </suite> <!-- Default suite -->
</testng-results>
